CRITICAL - 2022-04-03 05:30:51 --> Class 'App\Controllers\ProductModel' not found
#0 E:\wamp\www\rahulworkspace\review_system\system\CodeIgniter.php(832): App\Controllers\Account->signup_action()
#1 E:\wamp\www\rahulworkspace\review_system\system\CodeIgniter.php(419): CodeIgniter\CodeIgniter->runController(Object(App\Controllers\Account))
#2 E:\wamp\www\rahulworkspace\review_system\system\CodeIgniter.php(326): CodeIgniter\CodeIgniter->handleRequest(NULL, Object(Config\Cache), false)
#3 E:\wamp\www\rahulworkspace\review_system\index.php(37): CodeIgniter\CodeIgniter->run()
#4 {main}
CRITICAL - 2022-04-03 05:31:05 --> Class 'App\Controllers\ProductModel' not found
#0 E:\wamp\www\rahulworkspace\review_system\system\CodeIgniter.php(832): App\Controllers\Account->signup_action()
#1 E:\wamp\www\rahulworkspace\review_system\system\CodeIgniter.php(419): CodeIgniter\CodeIgniter->runController(Object(App\Controllers\Account))
#2 E:\wamp\www\rahulworkspace\review_system\system\CodeIgniter.php(326): CodeIgniter\CodeIgniter->handleRequest(NULL, Object(Config\Cache), false)
#3 E:\wamp\www\rahulworkspace\review_system\index.php(37): CodeIgniter\CodeIgniter->run()
#4 {main}
CRITICAL - 2022-04-03 06:02:26 --> Undefined variable: err
#0 E:\wamp\www\rahulworkspace\review_system\app\Views\signup.php(33): CodeIgniter\Debug\Exceptions->errorHandler(8, 'Undefined varia...', 'E:\\wamp\\www\\rah...', 33, Array)
#1 E:\wamp\www\rahulworkspace\review_system\system\View\View.php(210): include('E:\\wamp\\www\\rah...')
#2 E:\wamp\www\rahulworkspace\review_system\system\View\View.php(213): CodeIgniter\View\View->CodeIgniter\View\{closure}()
#3 E:\wamp\www\rahulworkspace\review_system\system\Common.php(1089): CodeIgniter\View\View->render('signup', Array, true)
#4 E:\wamp\www\rahulworkspace\review_system\app\Controllers\Account.php(17): view('signup')
#5 E:\wamp\www\rahulworkspace\review_system\system\CodeIgniter.php(832): App\Controllers\Account->signup()
#6 E:\wamp\www\rahulworkspace\review_system\system\CodeIgniter.php(419): CodeIgniter\CodeIgniter->runController(Object(App\Controllers\Account))
#7 E:\wamp\www\rahulworkspace\review_system\system\CodeIgniter.php(326): CodeIgniter\CodeIgniter->handleRequest(NULL, Object(Config\Cache), false)
#8 E:\wamp\www\rahulworkspace\review_system\index.php(37): CodeIgniter\CodeIgniter->run()
#9 {main}
CRITICAL - 2022-04-03 06:02:33 --> Undefined variable: err
#0 E:\wamp\www\rahulworkspace\review_system\app\Views\signup.php(33): CodeIgniter\Debug\Exceptions->errorHandler(8, 'Undefined varia...', 'E:\\wamp\\www\\rah...', 33, Array)
#1 E:\wamp\www\rahulworkspace\review_system\system\View\View.php(210): include('E:\\wamp\\www\\rah...')
#2 E:\wamp\www\rahulworkspace\review_system\system\View\View.php(213): CodeIgniter\View\View->CodeIgniter\View\{closure}()
#3 E:\wamp\www\rahulworkspace\review_system\system\Common.php(1089): CodeIgniter\View\View->render('signup', Array, true)
#4 E:\wamp\www\rahulworkspace\review_system\app\Controllers\Account.php(17): view('signup')
#5 E:\wamp\www\rahulworkspace\review_system\system\CodeIgniter.php(832): App\Controllers\Account->signup()
#6 E:\wamp\www\rahulworkspace\review_system\system\CodeIgniter.php(419): CodeIgniter\CodeIgniter->runController(Object(App\Controllers\Account))
#7 E:\wamp\www\rahulworkspace\review_system\system\CodeIgniter.php(326): CodeIgniter\CodeIgniter->handleRequest(NULL, Object(Config\Cache), false)
#8 E:\wamp\www\rahulworkspace\review_system\index.php(37): CodeIgniter\CodeIgniter->run()
#9 {main}
CRITICAL - 2022-04-03 06:02:38 --> Undefined variable: err
#0 E:\wamp\www\rahulworkspace\review_system\app\Views\signup.php(33): CodeIgniter\Debug\Exceptions->errorHandler(8, 'Undefined varia...', 'E:\\wamp\\www\\rah...', 33, Array)
#1 E:\wamp\www\rahulworkspace\review_system\system\View\View.php(210): include('E:\\wamp\\www\\rah...')
#2 E:\wamp\www\rahulworkspace\review_system\system\View\View.php(213): CodeIgniter\View\View->CodeIgniter\View\{closure}()
#3 E:\wamp\www\rahulworkspace\review_system\system\Common.php(1089): CodeIgniter\View\View->render('signup', Array, true)
#4 E:\wamp\www\rahulworkspace\review_system\app\Controllers\Account.php(17): view('signup')
#5 E:\wamp\www\rahulworkspace\review_system\system\CodeIgniter.php(832): App\Controllers\Account->signup()
#6 E:\wamp\www\rahulworkspace\review_system\system\CodeIgniter.php(419): CodeIgniter\CodeIgniter->runController(Object(App\Controllers\Account))
#7 E:\wamp\www\rahulworkspace\review_system\system\CodeIgniter.php(326): CodeIgniter\CodeIgniter->handleRequest(NULL, Object(Config\Cache), false)
#8 E:\wamp\www\rahulworkspace\review_system\index.php(37): CodeIgniter\CodeIgniter->run()
#9 {main}
CRITICAL - 2022-04-03 06:03:07 --> Undefined variable: err
#0 E:\wamp\www\rahulworkspace\review_system\app\Views\signup.php(33): CodeIgniter\Debug\Exceptions->errorHandler(8, 'Undefined varia...', 'E:\\wamp\\www\\rah...', 33, Array)
#1 E:\wamp\www\rahulworkspace\review_system\system\View\View.php(210): include('E:\\wamp\\www\\rah...')
#2 E:\wamp\www\rahulworkspace\review_system\system\View\View.php(213): CodeIgniter\View\View->CodeIgniter\View\{closure}()
#3 E:\wamp\www\rahulworkspace\review_system\system\Common.php(1089): CodeIgniter\View\View->render('signup', Array, true)
#4 E:\wamp\www\rahulworkspace\review_system\app\Controllers\Account.php(17): view('signup')
#5 E:\wamp\www\rahulworkspace\review_system\system\CodeIgniter.php(832): App\Controllers\Account->signup()
#6 E:\wamp\www\rahulworkspace\review_system\system\CodeIgniter.php(419): CodeIgniter\CodeIgniter->runController(Object(App\Controllers\Account))
#7 E:\wamp\www\rahulworkspace\review_system\system\CodeIgniter.php(326): CodeIgniter\CodeIgniter->handleRequest(NULL, Object(Config\Cache), false)
#8 E:\wamp\www\rahulworkspace\review_system\index.php(37): CodeIgniter\CodeIgniter->run()
#9 {main}
CRITICAL - 2022-04-03 06:40:28 --> Undefined variable: model
#0 E:\wamp\www\rahulworkspace\review_system\app\Controllers\Account.php(50): CodeIgniter\Debug\Exceptions->errorHandler(8, 'Undefined varia...', 'E:\\wamp\\www\\rah...', 50, Array)
#1 E:\wamp\www\rahulworkspace\review_system\system\CodeIgniter.php(832): App\Controllers\Account->login_action()
#2 E:\wamp\www\rahulworkspace\review_system\system\CodeIgniter.php(419): CodeIgniter\CodeIgniter->runController(Object(App\Controllers\Account))
#3 E:\wamp\www\rahulworkspace\review_system\system\CodeIgniter.php(326): CodeIgniter\CodeIgniter->handleRequest(NULL, Object(Config\Cache), false)
#4 E:\wamp\www\rahulworkspace\review_system\index.php(37): CodeIgniter\CodeIgniter->run()
#5 {main}
CRITICAL - 2022-04-03 06:44:54 --> Undefined variable: email
#0 E:\wamp\www\rahulworkspace\review_system\app\Controllers\Account.php(51): CodeIgniter\Debug\Exceptions->errorHandler(8, 'Undefined varia...', 'E:\\wamp\\www\\rah...', 51, Array)
#1 E:\wamp\www\rahulworkspace\review_system\system\CodeIgniter.php(832): App\Controllers\Account->login_action()
#2 E:\wamp\www\rahulworkspace\review_system\system\CodeIgniter.php(419): CodeIgniter\CodeIgniter->runController(Object(App\Controllers\Account))
#3 E:\wamp\www\rahulworkspace\review_system\system\CodeIgniter.php(326): CodeIgniter\CodeIgniter->handleRequest(NULL, Object(Config\Cache), false)
#4 E:\wamp\www\rahulworkspace\review_system\index.php(37): CodeIgniter\CodeIgniter->run()
#5 {main}
CRITICAL - 2022-04-03 09:19:35 --> Undefined variable: _SESSION
#0 E:\wamp\www\rahulworkspace\review_system\app\Controllers\Users.php(10): CodeIgniter\Debug\Exceptions->errorHandler(8, 'Undefined varia...', 'E:\\wamp\\www\\rah...', 10, Array)
#1 E:\wamp\www\rahulworkspace\review_system\system\CodeIgniter.php(832): App\Controllers\Users->index()
#2 E:\wamp\www\rahulworkspace\review_system\system\CodeIgniter.php(419): CodeIgniter\CodeIgniter->runController(Object(App\Controllers\Users))
#3 E:\wamp\www\rahulworkspace\review_system\system\CodeIgniter.php(326): CodeIgniter\CodeIgniter->handleRequest(NULL, Object(Config\Cache), false)
#4 E:\wamp\www\rahulworkspace\review_system\index.php(37): CodeIgniter\CodeIgniter->run()
#5 {main}
CRITICAL - 2022-04-03 09:23:25 --> Cannot use object of type stdClass as array
#0 E:\wamp\www\rahulworkspace\review_system\system\View\View.php(210): include()
#1 E:\wamp\www\rahulworkspace\review_system\system\View\View.php(213): CodeIgniter\View\View->CodeIgniter\View\{closure}()
#2 E:\wamp\www\rahulworkspace\review_system\system\Common.php(1089): CodeIgniter\View\View->render('home_page', Array, true)
#3 E:\wamp\www\rahulworkspace\review_system\app\Controllers\Users.php(13): view('home_page', Array)
#4 E:\wamp\www\rahulworkspace\review_system\system\CodeIgniter.php(832): App\Controllers\Users->index()
#5 E:\wamp\www\rahulworkspace\review_system\system\CodeIgniter.php(419): CodeIgniter\CodeIgniter->runController(Object(App\Controllers\Users))
#6 E:\wamp\www\rahulworkspace\review_system\system\CodeIgniter.php(326): CodeIgniter\CodeIgniter->handleRequest(NULL, Object(Config\Cache), false)
#7 E:\wamp\www\rahulworkspace\review_system\index.php(37): CodeIgniter\CodeIgniter->run()
#8 {main}
CRITICAL - 2022-04-03 09:23:54 --> Cannot use object of type stdClass as array
#0 E:\wamp\www\rahulworkspace\review_system\system\View\View.php(210): include()
#1 E:\wamp\www\rahulworkspace\review_system\system\View\View.php(213): CodeIgniter\View\View->CodeIgniter\View\{closure}()
#2 E:\wamp\www\rahulworkspace\review_system\system\Common.php(1089): CodeIgniter\View\View->render('home_page', Array, true)
#3 E:\wamp\www\rahulworkspace\review_system\app\Controllers\Users.php(13): view('home_page', Array)
#4 E:\wamp\www\rahulworkspace\review_system\system\CodeIgniter.php(832): App\Controllers\Users->index()
#5 E:\wamp\www\rahulworkspace\review_system\system\CodeIgniter.php(419): CodeIgniter\CodeIgniter->runController(Object(App\Controllers\Users))
#6 E:\wamp\www\rahulworkspace\review_system\system\CodeIgniter.php(326): CodeIgniter\CodeIgniter->handleRequest(NULL, Object(Config\Cache), false)
#7 E:\wamp\www\rahulworkspace\review_system\index.php(37): CodeIgniter\CodeIgniter->run()
#8 {main}
CRITICAL - 2022-04-03 09:27:25 --> Cannot use object of type stdClass as array
#0 E:\wamp\www\rahulworkspace\review_system\system\View\View.php(210): include()
#1 E:\wamp\www\rahulworkspace\review_system\system\View\View.php(213): CodeIgniter\View\View->CodeIgniter\View\{closure}()
#2 E:\wamp\www\rahulworkspace\review_system\system\Common.php(1089): CodeIgniter\View\View->render('home_page', Array, true)
#3 E:\wamp\www\rahulworkspace\review_system\app\Controllers\Users.php(13): view('home_page', Array)
#4 E:\wamp\www\rahulworkspace\review_system\system\CodeIgniter.php(832): App\Controllers\Users->index()
#5 E:\wamp\www\rahulworkspace\review_system\system\CodeIgniter.php(419): CodeIgniter\CodeIgniter->runController(Object(App\Controllers\Users))
#6 E:\wamp\www\rahulworkspace\review_system\system\CodeIgniter.php(326): CodeIgniter\CodeIgniter->handleRequest(NULL, Object(Config\Cache), false)
#7 E:\wamp\www\rahulworkspace\review_system\index.php(37): CodeIgniter\CodeIgniter->run()
#8 {main}
CRITICAL - 2022-04-03 09:27:34 --> Undefined index: userData
#0 E:\wamp\www\rahulworkspace\review_system\app\Controllers\Users.php(13): CodeIgniter\Debug\Exceptions->errorHandler(8, 'Undefined index...', 'E:\\wamp\\www\\rah...', 13, Array)
#1 E:\wamp\www\rahulworkspace\review_system\system\CodeIgniter.php(832): App\Controllers\Users->index()
#2 E:\wamp\www\rahulworkspace\review_system\system\CodeIgniter.php(419): CodeIgniter\CodeIgniter->runController(Object(App\Controllers\Users))
#3 E:\wamp\www\rahulworkspace\review_system\system\CodeIgniter.php(326): CodeIgniter\CodeIgniter->handleRequest(NULL, Object(Config\Cache), false)
#4 E:\wamp\www\rahulworkspace\review_system\index.php(37): CodeIgniter\CodeIgniter->run()
#5 {main}
CRITICAL - 2022-04-03 09:27:48 --> Undefined index: userData
#0 E:\wamp\www\rahulworkspace\review_system\app\Controllers\Users.php(13): CodeIgniter\Debug\Exceptions->errorHandler(8, 'Undefined index...', 'E:\\wamp\\www\\rah...', 13, Array)
#1 E:\wamp\www\rahulworkspace\review_system\system\CodeIgniter.php(832): App\Controllers\Users->index()
#2 E:\wamp\www\rahulworkspace\review_system\system\CodeIgniter.php(419): CodeIgniter\CodeIgniter->runController(Object(App\Controllers\Users))
#3 E:\wamp\www\rahulworkspace\review_system\system\CodeIgniter.php(326): CodeIgniter\CodeIgniter->handleRequest(NULL, Object(Config\Cache), false)
#4 E:\wamp\www\rahulworkspace\review_system\index.php(37): CodeIgniter\CodeIgniter->run()
#5 {main}
CRITICAL - 2022-04-03 09:34:49 --> Undefined variable: isLoggedIn
#0 E:\wamp\www\rahulworkspace\review_system\app\Views\templates\header.php(56): CodeIgniter\Debug\Exceptions->errorHandler(8, 'Undefined varia...', 'E:\\wamp\\www\\rah...', 56, Array)
#1 E:\wamp\www\rahulworkspace\review_system\system\View\View.php(210): include('E:\\wamp\\www\\rah...')
#2 E:\wamp\www\rahulworkspace\review_system\system\View\View.php(213): CodeIgniter\View\View->CodeIgniter\View\{closure}()
#3 E:\wamp\www\rahulworkspace\review_system\system\Common.php(1089): CodeIgniter\View\View->render('templates/heade...', Array, true)
#4 E:\wamp\www\rahulworkspace\review_system\app\Controllers\Account.php(18): view('templates/heade...')
#5 E:\wamp\www\rahulworkspace\review_system\system\CodeIgniter.php(832): App\Controllers\Account->signup()
#6 E:\wamp\www\rahulworkspace\review_system\system\CodeIgniter.php(419): CodeIgniter\CodeIgniter->runController(Object(App\Controllers\Account))
#7 E:\wamp\www\rahulworkspace\review_system\system\CodeIgniter.php(326): CodeIgniter\CodeIgniter->handleRequest(NULL, Object(Config\Cache), false)
#8 E:\wamp\www\rahulworkspace\review_system\index.php(37): CodeIgniter\CodeIgniter->run()
#9 {main}
CRITICAL - 2022-04-03 09:44:44 --> Undefined variable: session
#0 E:\wamp\www\rahulworkspace\review_system\app\Controllers\Users.php(16): CodeIgniter\Debug\Exceptions->errorHandler(8, 'Undefined varia...', 'E:\\wamp\\www\\rah...', 16, Array)
#1 E:\wamp\www\rahulworkspace\review_system\system\CodeIgniter.php(832): App\Controllers\Users->index()
#2 E:\wamp\www\rahulworkspace\review_system\system\CodeIgniter.php(419): CodeIgniter\CodeIgniter->runController(Object(App\Controllers\Users))
#3 E:\wamp\www\rahulworkspace\review_system\system\CodeIgniter.php(326): CodeIgniter\CodeIgniter->handleRequest(NULL, Object(Config\Cache), false)
#4 E:\wamp\www\rahulworkspace\review_system\index.php(37): CodeIgniter\CodeIgniter->run()
#5 {main}
CRITICAL - 2022-04-03 09:46:27 --> ini_set(): A session is active. You cannot change the session module's ini settings at this time
#0 [internal function]: CodeIgniter\Debug\Exceptions->errorHandler(2, 'ini_set(): A se...', 'E:\\wamp\\www\\rah...', 71, Array)
#1 E:\wamp\www\rahulworkspace\review_system\system\Session\Handlers\FileHandler.php(71): ini_set('session.save_pa...', 'E:\\wamp\\www\\rah...')
#2 E:\wamp\www\rahulworkspace\review_system\system\Config\Services.php(570): CodeIgniter\Session\Handlers\FileHandler->__construct(Object(Config\App), '::1')
#3 E:\wamp\www\rahulworkspace\review_system\system\Config\BaseService.php(248): CodeIgniter\Config\Services::session(Object(Config\App), false)
#4 E:\wamp\www\rahulworkspace\review_system\system\Config\BaseService.php(189): CodeIgniter\Config\BaseService::__callStatic('session', Array)
#5 E:\wamp\www\rahulworkspace\review_system\system\Config\Services.php(563): CodeIgniter\Config\BaseService::getSharedInstance('session', NULL)
#6 E:\wamp\www\rahulworkspace\review_system\system\Config\BaseService.php(248): CodeIgniter\Config\Services::session()
#7 E:\wamp\www\rahulworkspace\review_system\system\Common.php(901): CodeIgniter\Config\BaseService::__callStatic('session', Array)
#8 E:\wamp\www\rahulworkspace\review_system\app\Controllers\Users.php(11): session()
#9 E:\wamp\www\rahulworkspace\review_system\system\CodeIgniter.php(832): App\Controllers\Users->index()
#10 E:\wamp\www\rahulworkspace\review_system\system\CodeIgniter.php(419): CodeIgniter\CodeIgniter->runController(Object(App\Controllers\Users))
#11 E:\wamp\www\rahulworkspace\review_system\system\CodeIgniter.php(326): CodeIgniter\CodeIgniter->handleRequest(NULL, Object(Config\Cache), false)
#12 E:\wamp\www\rahulworkspace\review_system\index.php(37): CodeIgniter\CodeIgniter->run()
#13 {main}
CRITICAL - 2022-04-03 09:46:42 --> Undefined variable: session
#0 E:\wamp\www\rahulworkspace\review_system\app\Controllers\Users.php(16): CodeIgniter\Debug\Exceptions->errorHandler(8, 'Undefined varia...', 'E:\\wamp\\www\\rah...', 16, Array)
#1 E:\wamp\www\rahulworkspace\review_system\system\CodeIgniter.php(832): App\Controllers\Users->index()
#2 E:\wamp\www\rahulworkspace\review_system\system\CodeIgniter.php(419): CodeIgniter\CodeIgniter->runController(Object(App\Controllers\Users))
#3 E:\wamp\www\rahulworkspace\review_system\system\CodeIgniter.php(326): CodeIgniter\CodeIgniter->handleRequest(NULL, Object(Config\Cache), false)
#4 E:\wamp\www\rahulworkspace\review_system\index.php(37): CodeIgniter\CodeIgniter->run()
#5 {main}
