CRITICAL - 2022-03-18 05:05:32 --> Call to undefined function set_value()
#0 E:\wamp\www\rahulworkspace\review_system\system\View\View.php(210): include()
#1 E:\wamp\www\rahulworkspace\review_system\system\View\View.php(213): CodeIgniter\View\View->CodeIgniter\View\{closure}()
#2 E:\wamp\www\rahulworkspace\review_system\system\Common.php(1089): CodeIgniter\View\View->render('signup', Array, true)
#3 E:\wamp\www\rahulworkspace\review_system\app\Controllers\Account.php(17): view('signup')
#4 E:\wamp\www\rahulworkspace\review_system\system\CodeIgniter.php(832): App\Controllers\Account->register()
#5 E:\wamp\www\rahulworkspace\review_system\system\CodeIgniter.php(419): CodeIgniter\CodeIgniter->runController(Object(App\Controllers\Account))
#6 E:\wamp\www\rahulworkspace\review_system\system\CodeIgniter.php(326): CodeIgniter\CodeIgniter->handleRequest(NULL, Object(Config\Cache), false)
#7 E:\wamp\www\rahulworkspace\review_system\public\index.php(37): CodeIgniter\CodeIgniter->run()
#8 {main}
CRITICAL - 2022-03-18 05:13:52 --> Call to undefined function set_value()
#0 E:\wamp\www\rahulworkspace\review_system\system\View\View.php(210): include()
#1 E:\wamp\www\rahulworkspace\review_system\system\View\View.php(213): CodeIgniter\View\View->CodeIgniter\View\{closure}()
#2 E:\wamp\www\rahulworkspace\review_system\system\Common.php(1089): CodeIgniter\View\View->render('signup', Array, true)
#3 E:\wamp\www\rahulworkspace\review_system\app\Controllers\Account.php(17): view('signup')
#4 E:\wamp\www\rahulworkspace\review_system\system\CodeIgniter.php(832): App\Controllers\Account->register()
#5 E:\wamp\www\rahulworkspace\review_system\system\CodeIgniter.php(419): CodeIgniter\CodeIgniter->runController(Object(App\Controllers\Account))
#6 E:\wamp\www\rahulworkspace\review_system\system\CodeIgniter.php(326): CodeIgniter\CodeIgniter->handleRequest(NULL, Object(Config\Cache), false)
#7 E:\wamp\www\rahulworkspace\review_system\public\index.php(37): CodeIgniter\CodeIgniter->run()
#8 {main}
CRITICAL - 2022-03-18 05:15:44 --> Call to undefined function set_value()
#0 E:\wamp\www\rahulworkspace\review_system\system\View\View.php(210): include()
#1 E:\wamp\www\rahulworkspace\review_system\system\View\View.php(213): CodeIgniter\View\View->CodeIgniter\View\{closure}()
#2 E:\wamp\www\rahulworkspace\review_system\system\Common.php(1089): CodeIgniter\View\View->render('signup', Array, true)
#3 E:\wamp\www\rahulworkspace\review_system\app\Controllers\Account.php(17): view('signup')
#4 E:\wamp\www\rahulworkspace\review_system\system\CodeIgniter.php(832): App\Controllers\Account->register()
#5 E:\wamp\www\rahulworkspace\review_system\system\CodeIgniter.php(419): CodeIgniter\CodeIgniter->runController(Object(App\Controllers\Account))
#6 E:\wamp\www\rahulworkspace\review_system\system\CodeIgniter.php(326): CodeIgniter\CodeIgniter->handleRequest(NULL, Object(Config\Cache), false)
#7 E:\wamp\www\rahulworkspace\review_system\public\index.php(37): CodeIgniter\CodeIgniter->run()
#8 {main}
